# JRE version: OpenJDK Runtime Environment Microsoft-7208460 (11.0.18+10) (build 11.0.18+10-LTS)
# Java VM: OpenJDK 64-Bit Server VM Microsoft-7208460 (11.0.18+10-LTS, mixed mode, tiered, compressed oops, g1 gc, windows-amd64)
Heap:
 garbage-first heap   total 262144K, used 173442K [0x0000000080000000, 0x0000000100000000)
  region size 1024K, 30 young (30720K), 3 survivors (3072K)
 Metaspace       used 130719K, capacity 135530K, committed 135668K, reserved 634880K
  class space    used 16684K, capacity 18441K, committed 18552K, reserved 516096K
GC Heap History (20 events):
Event: 37.454 GC heap before
{Heap before GC invocations=29 (full 0):
 garbage-first heap   total 262144K, used 209432K [0x0000000080000000, 0x0000000100000000)
  region size 1024K, 60 young (61440K), 7 survivors (7168K)
 Metaspace       used 112171K, capacity 116567K, committed 116724K, reserved 618496K
  class space    used 14561K, capacity 16239K, committed 16248K, reserved 516096K
}
Event: 37.464 GC heap after
{Heap after GC invocations=30 (full 0):
 garbage-first heap   total 262144K, used 162178K [0x0000000080000000, 0x0000000100000000)
  region size 1024K, 8 young (8192K), 8 survivors (8192K)
 Metaspace       used 112171K, capacity 116567K, committed 116724K, reserved 618496K
  class space    used 14561K, capacity 16239K, committed 16248K, reserved 516096K
}
Event: 38.207 GC heap before
{Heap before GC invocations=30 (full 0):
 garbage-first heap   total 262144K, used 213378K [0x0000000080000000, 0x0000000100000000)
  region size 1024K, 58 young (59392K), 8 survivors (8192K)
 Metaspace       used 113733K, capacity 118183K, committed 118516K, reserved 618496K
  class space    used 14733K, capacity 16426K, committed 16504K, reserved 516096K
}
Event: 38.215 GC heap after
{Heap after GC invocations=31 (full 0):
 garbage-first heap   total 262144K, used 169587K [0x0000000080000000, 0x0000000100000000)
  region size 1024K, 7 young (7168K), 7 survivors (7168K)
 Metaspace       used 113733K, capacity 118183K, committed 118516K, reserved 618496K
  class space    used 14733K, capacity 16426K, committed 16504K, reserved 516096K
}
Event: 38.912 GC heap before
{Heap before GC invocations=32 (full 0):
 garbage-first heap   total 262144K, used 209523K [0x0000000080000000, 0x0000000100000000)
  region size 1024K, 47 young (48128K), 7 survivors (7168K)
 Metaspace       used 114858K, capacity 119421K, committed 119668K, reserved 620544K
  class space    used 14889K, capacity 16590K, committed 16632K, reserved 516096K
}
Event: 38.921 GC heap after
{Heap after GC invocations=33 (full 0):
 garbage-first heap   total 262144K, used 175280K [0x0000000080000000, 0x0000000100000000)
  region size 1024K, 6 young (6144K), 6 survivors (6144K)
 Metaspace       used 114858K, capacity 119421K, committed 119668K, reserved 620544K
  class space    used 14889K, capacity 16590K, committed 16632K, reserved 516096K
}
Event: 47.140 GC heap before
{Heap before GC invocations=34 (full 0):
 garbage-first heap   total 262144K, used 218288K [0x0000000080000000, 0x0000000100000000)
  region size 1024K, 48 young (49152K), 6 survivors (6144K)
 Metaspace       used 118920K, capacity 123692K, committed 123892K, reserved 624640K
  class space    used 15248K, capacity 16995K, committed 17016K, reserved 516096K
}
Event: 47.145 GC heap after
{Heap after GC invocations=35 (full 0):
 garbage-first heap   total 262144K, used 178828K [0x0000000080000000, 0x0000000100000000)
  region size 1024K, 4 young (4096K), 4 survivors (4096K)
 Metaspace       used 118920K, capacity 123692K, committed 123892K, reserved 624640K
  class space    used 15248K, capacity 16995K, committed 17016K, reserved 516096K
}
Event: 47.606 GC heap before
{Heap before GC invocations=35 (full 0):
 garbage-first heap   total 262144K, used 218764K [0x0000000080000000, 0x0000000100000000)
  region size 1024K, 44 young (45056K), 4 survivors (4096K)
 Metaspace       used 120260K, capacity 125043K, committed 125172K, reserved 624640K
  class space    used 15403K, capacity 17167K, committed 17272K, reserved 516096K
}
Event: 47.616 GC heap after
{Heap after GC invocations=36 (full 0):
 garbage-first heap   total 262144K, used 182112K [0x0000000080000000, 0x0000000100000000)
  region size 1024K, 4 young (4096K), 4 survivors (4096K)
 Metaspace       used 120260K, capacity 125043K, committed 125172K, reserved 624640K
  class space    used 15403K, capacity 17167K, committed 17272K, reserved 516096K
}
Event: 48.247 GC heap before
{Heap before GC invocations=37 (full 0):
 garbage-first heap   total 262144K, used 223072K [0x0000000080000000, 0x0000000100000000)
  region size 1024K, 43 young (44032K), 4 survivors (4096K)
 Metaspace       used 126493K, capacity 131243K, committed 131444K, reserved 630784K
  class space    used 16092K, capacity 17846K, committed 17912K, reserved 516096K
}
Event: 48.251 GC heap after
{Heap after GC invocations=38 (full 0):
 garbage-first heap   total 262144K, used 184125K [0x0000000080000000, 0x0000000100000000)
  region size 1024K, 6 young (6144K), 6 survivors (6144K)
 Metaspace       used 126493K, capacity 131243K, committed 131444K, reserved 630784K
  class space    used 16092K, capacity 17846K, committed 17912K, reserved 516096K
}
Event: 48.296 GC heap before
{Heap before GC invocations=38 (full 0):
 garbage-first heap   total 262144K, used 191293K [0x0000000080000000, 0x0000000100000000)
  region size 1024K, 12 young (12288K), 6 survivors (6144K)
 Metaspace       used 126502K, capacity 131243K, committed 131444K, reserved 630784K
  class space    used 16093K, capacity 17846K, committed 17912K, reserved 516096K
}
Event: 48.301 GC heap after
{Heap after GC invocations=39 (full 0):
 garbage-first heap   total 262144K, used 161966K [0x0000000080000000, 0x0000000100000000)
  region size 1024K, 2 young (2048K), 2 survivors (2048K)
 Metaspace       used 126502K, capacity 131243K, committed 131444K, reserved 630784K
  class space    used 16093K, capacity 17846K, committed 17912K, reserved 516096K
}
Event: 48.365 GC heap before
{Heap before GC invocations=39 (full 0):
 garbage-first heap   total 262144K, used 177326K [0x0000000080000000, 0x0000000100000000)
  region size 1024K, 12 young (12288K), 2 survivors (2048K)
 Metaspace       used 126722K, capacity 131531K, committed 131700K, reserved 630784K
  class space    used 16131K, capacity 17878K, committed 17912K, reserved 516096K
}
Event: 48.374 GC heap after
{Heap after GC invocations=40 (full 0):
 garbage-first heap   total 262144K, used 143846K [0x0000000080000000, 0x0000000100000000)
  region size 1024K, 1 young (1024K), 1 survivors (1024K)
 Metaspace       used 126722K, capacity 131531K, committed 131700K, reserved 630784K
  class space    used 16131K, capacity 17878K, committed 17912K, reserved 516096K
}
Event: 48.490 GC heap before
{Heap before GC invocations=40 (full 0):
 garbage-first heap   total 262144K, used 154086K [0x0000000080000000, 0x0000000100000000)
  region size 1024K, 12 young (12288K), 1 survivors (1024K)
 Metaspace       used 128074K, capacity 132875K, committed 132980K, reserved 632832K
  class space    used 16298K, capacity 18070K, committed 18168K, reserved 516096K
}
Event: 48.493 GC heap after
{Heap after GC invocations=41 (full 0):
 garbage-first heap   total 262144K, used 144530K [0x0000000080000000, 0x0000000100000000)
  region size 1024K, 2 young (2048K), 2 survivors (2048K)
 Metaspace       used 128074K, capacity 132875K, committed 132980K, reserved 632832K
  class space    used 16298K, capacity 18070K, committed 18168K, reserved 516096K
}
Event: 48.647 GC heap before
{Heap before GC invocations=41 (full 0):
 garbage-first heap   total 262144K, used 161938K [0x0000000080000000, 0x0000000100000000)
  region size 1024K, 21 young (21504K), 2 survivors (2048K)
 Metaspace       used 129718K, capacity 134510K, committed 134772K, reserved 632832K
  class space    used 16522K, capacity 18295K, committed 18424K, reserved 516096K
}
Event: 48.649 GC heap after
{Heap after GC invocations=42 (full 0):
 garbage-first heap   total 262144K, used 145794K [0x0000000080000000, 0x0000000100000000)
  region size 1024K, 3 young (3072K), 3 survivors (3072K)
 Metaspace       used 129718K, capacity 134510K, committed 134772K, reserved 632832K
  class space    used 16522K, capacity 18295K, committed 18424K, reserved 516096K
}

