# JRE version: Java(TM) SE Runtime Environment (8.0_361) (build 1.8.0_361-b09)
# Java VM: Java HotSpot(TM) 64-Bit Server VM (25.361-b09 mixed mode windows-amd64 compressed oops)
Heap:
 PSYoungGen      total 211456K, used 7672K [0x00000000d5580000, 0x00000000e3580000, 0x0000000100000000)
  eden space 197120K, 3% used [0x00000000d5580000,0x00000000d5cfe378,0x00000000e1600000)
  from space 14336K, 0% used [0x00000000e2400000,0x00000000e2400000,0x00000000e3200000)
  to   space 14336K, 0% used [0x00000000e1600000,0x00000000e1600000,0x00000000e2400000)
 ParOldGen       total 172544K, used 15918K [0x0000000080000000, 0x000000008a880000, 0x00000000d5580000)
  object space 172544K, 9% used [0x0000000080000000,0x0000000080f8bbc8,0x000000008a880000)
 Metaspace       used 33780K, capacity 35420K, committed 35672K, reserved 1079296K
  class space    used 4850K, capacity 5174K, committed 5248K, reserved 1048576K
GC Heap History (10 events):
Event: 3.374 GC heap before
{Heap before GC invocations=4 (full 0):
 PSYoungGen      total 140288K, used 50719K [0x00000000d5580000, 0x00000000dea80000, 0x0000000100000000)
  eden space 129536K, 30% used [0x00000000d5580000,0x00000000d7cadee8,0x00000000dd400000)
  from space 10752K, 98% used [0x00000000dd400000,0x00000000dde59ff8,0x00000000dde80000)
  to   space 10752K, 0% used [0x00000000de000000,0x00000000de000000,0x00000000dea80000)
 ParOldGen       total 175104K, used 32K [0x0000000080000000, 0x000000008ab00000, 0x00000000d5580000)
  object space 175104K, 0% used [0x0000000080000000,0x0000000080008000,0x000000008ab00000)
 Metaspace       used 20356K, capacity 21112K, committed 21248K, reserved 1067008K
  class space    used 3019K, capacity 3212K, committed 3328K, reserved 1048576K
Event: 3.382 GC heap after
Heap after GC invocations=4 (full 0):
 PSYoungGen      total 141824K, used 10120K [0x00000000d5580000, 0x00000000e6780000, 0x0000000100000000)
  eden space 131072K, 0% used [0x00000000d5580000,0x00000000d5580000,0x00000000dd580000)
  from space 10752K, 94% used [0x00000000de000000,0x00000000de9e23e8,0x00000000dea80000)
  to   space 10752K, 0% used [0x00000000dd580000,0x00000000dd580000,0x00000000de000000)
 ParOldGen       total 175104K, used 40K [0x0000000080000000, 0x000000008ab00000, 0x00000000d5580000)
  object space 175104K, 0% used [0x0000000080000000,0x000000008000a000,0x000000008ab00000)
 Metaspace       used 20356K, capacity 21112K, committed 21248K, reserved 1067008K
  class space    used 3019K, capacity 3212K, committed 3328K, reserved 1048576K
}
Event: 3.382 GC heap before
{Heap before GC invocations=5 (full 1):
 PSYoungGen      total 141824K, used 10120K [0x00000000d5580000, 0x00000000e6780000, 0x0000000100000000)
  eden space 131072K, 0% used [0x00000000d5580000,0x00000000d5580000,0x00000000dd580000)
  from space 10752K, 94% used [0x00000000de000000,0x00000000de9e23e8,0x00000000dea80000)
  to   space 10752K, 0% used [0x00000000dd580000,0x00000000dd580000,0x00000000de000000)
 ParOldGen       total 175104K, used 40K [0x0000000080000000, 0x000000008ab00000, 0x00000000d5580000)
  object space 175104K, 0% used [0x0000000080000000,0x000000008000a000,0x000000008ab00000)
 Metaspace       used 20356K, capacity 21112K, committed 21248K, reserved 1067008K
  class space    used 3019K, capacity 3212K, committed 3328K, reserved 1048576K
Event: 3.421 GC heap after
Heap after GC invocations=5 (full 1):
 PSYoungGen      total 141824K, used 0K [0x00000000d5580000, 0x00000000e6780000, 0x0000000100000000)
  eden space 131072K, 0% used [0x00000000d5580000,0x00000000d5580000,0x00000000dd580000)
  from space 10752K, 0% used [0x00000000de000000,0x00000000de000000,0x00000000dea80000)
  to   space 10752K, 0% used [0x00000000dd580000,0x00000000dd580000,0x00000000de000000)
 ParOldGen       total 106496K, used 9781K [0x0000000080000000, 0x0000000086800000, 0x00000000d5580000)
  object space 106496K, 9% used [0x0000000080000000,0x000000008098d570,0x0000000086800000)
 Metaspace       used 20356K, capacity 21112K, committed 21248K, reserved 1067008K
  class space    used 3019K, capacity 3212K, committed 3328K, reserved 1048576K
}
Event: 4.895 GC heap before
{Heap before GC invocations=6 (full 1):
 PSYoungGen      total 141824K, used 130834K [0x00000000d5580000, 0x00000000e6780000, 0x0000000100000000)
  eden space 131072K, 99% used [0x00000000d5580000,0x00000000dd544960,0x00000000dd580000)
  from space 10752K, 0% used [0x00000000de000000,0x00000000de000000,0x00000000dea80000)
  to   space 10752K, 0% used [0x00000000dd580000,0x00000000dd580000,0x00000000de000000)
 ParOldGen       total 106496K, used 9781K [0x0000000080000000, 0x0000000086800000, 0x00000000d5580000)
  object space 106496K, 9% used [0x0000000080000000,0x000000008098d570,0x0000000086800000)
 Metaspace       used 31613K, capacity 33054K, committed 33152K, reserved 1077248K
  class space    used 4658K, capacity 4979K, committed 4992K, reserved 1048576K
Event: 4.905 GC heap after
Heap after GC invocations=6 (full 1):
 PSYoungGen      total 141824K, used 10740K [0x00000000d5580000, 0x00000000e3200000, 0x0000000100000000)
  eden space 131072K, 0% used [0x00000000d5580000,0x00000000d5580000,0x00000000dd580000)
  from space 10752K, 99% used [0x00000000dd580000,0x00000000ddffd178,0x00000000de000000)
  to   space 14336K, 0% used [0x00000000e2400000,0x00000000e2400000,0x00000000e3200000)
 ParOldGen       total 106496K, used 12069K [0x0000000080000000, 0x0000000086800000, 0x00000000d5580000)
  object space 106496K, 11% used [0x0000000080000000,0x0000000080bc95a0,0x0000000086800000)
 Metaspace       used 31613K, capacity 33054K, committed 33152K, reserved 1077248K
  class space    used 4658K, capacity 4979K, committed 4992K, reserved 1048576K
}
Event: 5.599 GC heap before
{Heap before GC invocations=7 (full 1):
 PSYoungGen      total 141824K, used 58074K [0x00000000d5580000, 0x00000000e3200000, 0x0000000100000000)
  eden space 131072K, 36% used [0x00000000d5580000,0x00000000d83b97e0,0x00000000dd580000)
  from space 10752K, 99% used [0x00000000dd580000,0x00000000ddffd178,0x00000000de000000)
  to   space 14336K, 0% used [0x00000000e2400000,0x00000000e2400000,0x00000000e3200000)
 ParOldGen       total 106496K, used 12069K [0x0000000080000000, 0x0000000086800000, 0x00000000d5580000)
  object space 106496K, 11% used [0x0000000080000000,0x0000000080bc95a0,0x0000000086800000)
 Metaspace       used 33738K, capacity 35332K, committed 35416K, reserved 1079296K
  class space    used 4837K, capacity 5167K, committed 5248K, reserved 1048576K
Event: 5.611 GC heap after
Heap after GC invocations=7 (full 1):
 PSYoungGen      total 211456K, used 8441K [0x00000000d5580000, 0x00000000e3580000, 0x0000000100000000)
  eden space 197120K, 0% used [0x00000000d5580000,0x00000000d5580000,0x00000000e1600000)
  from space 14336K, 58% used [0x00000000e2400000,0x00000000e2c3e6d8,0x00000000e3200000)
  to   space 14336K, 0% used [0x00000000e1600000,0x00000000e1600000,0x00000000e2400000)
 ParOldGen       total 106496K, used 12077K [0x0000000080000000, 0x0000000086800000, 0x00000000d5580000)
  object space 106496K, 11% used [0x0000000080000000,0x0000000080bcb5a0,0x0000000086800000)
 Metaspace       used 33738K, capacity 35332K, committed 35416K, reserved 1079296K
  class space    used 4837K, capacity 5167K, committed 5248K, reserved 1048576K
}
Event: 5.611 GC heap before
{Heap before GC invocations=8 (full 2):
 PSYoungGen      total 211456K, used 8441K [0x00000000d5580000, 0x00000000e3580000, 0x0000000100000000)
  eden space 197120K, 0% used [0x00000000d5580000,0x00000000d5580000,0x00000000e1600000)
  from space 14336K, 58% used [0x00000000e2400000,0x00000000e2c3e6d8,0x00000000e3200000)
  to   space 14336K, 0% used [0x00000000e1600000,0x00000000e1600000,0x00000000e2400000)
 ParOldGen       total 106496K, used 12077K [0x0000000080000000, 0x0000000086800000, 0x00000000d5580000)
  object space 106496K, 11% used [0x0000000080000000,0x0000000080bcb5a0,0x0000000086800000)
 Metaspace       used 33738K, capacity 35332K, committed 35416K, reserved 1079296K
  class space    used 4837K, capacity 5167K, committed 5248K, reserved 1048576K
Event: 5.673 GC heap after
Heap after GC invocations=8 (full 2):
 PSYoungGen      total 211456K, used 0K [0x00000000d5580000, 0x00000000e3580000, 0x0000000100000000)
  eden space 197120K, 0% used [0x00000000d5580000,0x00000000d5580000,0x00000000e1600000)
  from space 14336K, 0% used [0x00000000e2400000,0x00000000e2400000,0x00000000e3200000)
  to   space 14336K, 0% used [0x00000000e1600000,0x00000000e1600000,0x00000000e2400000)
 ParOldGen       total 172544K, used 15918K [0x0000000080000000, 0x000000008a880000, 0x00000000d5580000)
  object space 172544K, 9% used [0x0000000080000000,0x0000000080f8bbc8,0x000000008a880000)
 Metaspace       used 33738K, capacity 35332K, committed 35416K, reserved 1079296K
  class space    used 4837K, capacity 5167K, committed 5248K, reserved 1048576K
}

