# JRE version: OpenJDK Runtime Environment Microsoft-7208460 (11.0.18+10) (build 11.0.18+10-LTS)
# Java VM: OpenJDK 64-Bit Server VM Microsoft-7208460 (11.0.18+10-LTS, mixed mode, tiered, compressed oops, g1 gc, windows-amd64)
Heap:
 garbage-first heap   total 315392K, used 214711K [0x0000000080000000, 0x0000000100000000)
  region size 1024K, 2 young (2048K), 2 survivors (2048K)
 Metaspace       used 126366K, capacity 131672K, committed 131924K, reserved 630784K
  class space    used 15993K, capacity 17920K, committed 17996K, reserved 516096K
GC Heap History (20 events):
Event: 152.004 GC heap after
{Heap after GC invocations=64 (full 0):
 garbage-first heap   total 262144K, used 202864K [0x0000000080000000, 0x0000000100000000)
  region size 1024K, 2 young (2048K), 2 survivors (2048K)
 Metaspace       used 124920K, capacity 130026K, committed 130132K, reserved 628736K
  class space    used 15833K, capacity 17727K, committed 17740K, reserved 516096K
}
Event: 152.270 GC heap before
{Heap before GC invocations=64 (full 0):
 garbage-first heap   total 262144K, used 225392K [0x0000000080000000, 0x0000000100000000)
  region size 1024K, 25 young (25600K), 2 survivors (2048K)
 Metaspace       used 125504K, capacity 130645K, committed 130772K, reserved 630784K
  class space    used 15904K, capacity 17802K, committed 17868K, reserved 516096K
}
Event: 152.274 GC heap after
{Heap after GC invocations=65 (full 0):
 garbage-first heap   total 262144K, used 205960K [0x0000000080000000, 0x0000000100000000)
  region size 1024K, 4 young (4096K), 4 survivors (4096K)
 Metaspace       used 125504K, capacity 130645K, committed 130772K, reserved 630784K
  class space    used 15904K, capacity 17802K, committed 17868K, reserved 516096K
}
Event: 152.458 GC heap before
{Heap before GC invocations=65 (full 0):
 garbage-first heap   total 262144K, used 225416K [0x0000000080000000, 0x0000000100000000)
  region size 1024K, 24 young (24576K), 4 survivors (4096K)
 Metaspace       used 126107K, capacity 131386K, committed 131668K, reserved 630784K
  class space    used 15975K, capacity 17876K, committed 17996K, reserved 516096K
}
Event: 152.464 GC heap after
{Heap after GC invocations=66 (full 0):
 garbage-first heap   total 262144K, used 208814K [0x0000000080000000, 0x0000000100000000)
  region size 1024K, 3 young (3072K), 3 survivors (3072K)
 Metaspace       used 126107K, capacity 131386K, committed 131668K, reserved 630784K
  class space    used 15975K, capacity 17876K, committed 17996K, reserved 516096K
}
Event: 152.599 GC heap before
{Heap before GC invocations=66 (full 0):
 garbage-first heap   total 262144K, used 220078K [0x0000000080000000, 0x0000000100000000)
  region size 1024K, 15 young (15360K), 3 survivors (3072K)
 Metaspace       used 126200K, capacity 131420K, committed 131668K, reserved 630784K
  class space    used 15978K, capacity 17882K, committed 17996K, reserved 516096K
}
Event: 152.603 GC heap after
{Heap after GC invocations=67 (full 0):
 garbage-first heap   total 262144K, used 209870K [0x0000000080000000, 0x0000000100000000)
  region size 1024K, 2 young (2048K), 2 survivors (2048K)
 Metaspace       used 126200K, capacity 131420K, committed 131668K, reserved 630784K
  class space    used 15978K, capacity 17882K, committed 17996K, reserved 516096K
}
Event: 152.736 GC heap before
{Heap before GC invocations=67 (full 0):
 garbage-first heap   total 262144K, used 231374K [0x0000000080000000, 0x0000000100000000)
  region size 1024K, 18 young (18432K), 2 survivors (2048K)
 Metaspace       used 126217K, capacity 131433K, committed 131668K, reserved 630784K
  class space    used 15980K, capacity 17885K, committed 17996K, reserved 516096K
}
Event: 152.739 GC heap after
{Heap after GC invocations=68 (full 0):
 garbage-first heap   total 262144K, used 212870K [0x0000000080000000, 0x0000000100000000)
  region size 1024K, 3 young (3072K), 3 survivors (3072K)
 Metaspace       used 126217K, capacity 131433K, committed 131668K, reserved 630784K
  class space    used 15980K, capacity 17885K, committed 17996K, reserved 516096K
}
Event: 152.859 GC heap before
{Heap before GC invocations=68 (full 0):
 garbage-first heap   total 262144K, used 229254K [0x0000000080000000, 0x0000000100000000)
  region size 1024K, 18 young (18432K), 3 survivors (3072K)
 Metaspace       used 126222K, capacity 131433K, committed 131668K, reserved 630784K
  class space    used 15980K, capacity 17885K, committed 17996K, reserved 516096K
}
Event: 152.863 GC heap after
{Heap after GC invocations=69 (full 0):
 garbage-first heap   total 262144K, used 212022K [0x0000000080000000, 0x0000000100000000)
  region size 1024K, 3 young (3072K), 3 survivors (3072K)
 Metaspace       used 126222K, capacity 131433K, committed 131668K, reserved 630784K
  class space    used 15980K, capacity 17885K, committed 17996K, reserved 516096K
}
Event: 152.970 GC heap before
{Heap before GC invocations=70 (full 0):
 garbage-first heap   total 262144K, used 231478K [0x0000000080000000, 0x0000000100000000)
  region size 1024K, 19 young (19456K), 3 survivors (3072K)
 Metaspace       used 126223K, capacity 131433K, committed 131668K, reserved 630784K
  class space    used 15980K, capacity 17885K, committed 17996K, reserved 516096K
}
Event: 152.973 GC heap after
{Heap after GC invocations=71 (full 0):
 garbage-first heap   total 262144K, used 212943K [0x0000000080000000, 0x0000000100000000)
  region size 1024K, 3 young (3072K), 3 survivors (3072K)
 Metaspace       used 126223K, capacity 131433K, committed 131668K, reserved 630784K
  class space    used 15980K, capacity 17885K, committed 17996K, reserved 516096K
}
Event: 153.028 GC heap before
{Heap before GC invocations=71 (full 0):
 garbage-first heap   total 262144K, used 221135K [0x0000000080000000, 0x0000000100000000)
  region size 1024K, 12 young (12288K), 3 survivors (3072K)
 Metaspace       used 126223K, capacity 131433K, committed 131668K, reserved 630784K
  class space    used 15980K, capacity 17885K, committed 17996K, reserved 516096K
}
Event: 153.034 GC heap after
{Heap after GC invocations=72 (full 0):
 garbage-first heap   total 262144K, used 212478K [0x0000000080000000, 0x0000000100000000)
  region size 1024K, 2 young (2048K), 2 survivors (2048K)
 Metaspace       used 126223K, capacity 131433K, committed 131668K, reserved 630784K
  class space    used 15980K, capacity 17885K, committed 17996K, reserved 516096K
}
Event: 153.092 GC heap before
{Heap before GC invocations=72 (full 0):
 garbage-first heap   total 262144K, used 227838K [0x0000000080000000, 0x0000000100000000)
  region size 1024K, 18 young (18432K), 2 survivors (2048K)
 Metaspace       used 126251K, capacity 131498K, committed 131668K, reserved 630784K
  class space    used 15980K, capacity 17885K, committed 17996K, reserved 516096K
}
Event: 153.095 GC heap after
{Heap after GC invocations=73 (full 0):
 garbage-first heap   total 262144K, used 213139K [0x0000000080000000, 0x0000000100000000)
  region size 1024K, 3 young (3072K), 3 survivors (3072K)
 Metaspace       used 126251K, capacity 131498K, committed 131668K, reserved 630784K
  class space    used 15980K, capacity 17885K, committed 17996K, reserved 516096K
}
Event: 153.234 GC heap before
{Heap before GC invocations=73 (full 0):
 garbage-first heap   total 262144K, used 229523K [0x0000000080000000, 0x0000000100000000)
  region size 1024K, 19 young (19456K), 3 survivors (3072K)
 Metaspace       used 126366K, capacity 131672K, committed 131924K, reserved 630784K
  class space    used 15993K, capacity 17920K, committed 17996K, reserved 516096K
}
Event: 153.237 GC heap after
{Heap after GC invocations=74 (full 0):
 garbage-first heap   total 262144K, used 214159K [0x0000000080000000, 0x0000000100000000)
  region size 1024K, 3 young (3072K), 3 survivors (3072K)
 Metaspace       used 126366K, capacity 131672K, committed 131924K, reserved 630784K
  class space    used 15993K, capacity 17920K, committed 17996K, reserved 516096K
}
Event: 153.249 GC heap before
{Heap before GC invocations=74 (full 0):
 garbage-first heap   total 262144K, used 215183K [0x0000000080000000, 0x0000000100000000)
  region size 1024K, 5 young (5120K), 3 survivors (3072K)
 Metaspace       used 126366K, capacity 131672K, committed 131924K, reserved 630784K
  class space    used 15993K, capacity 17920K, committed 17996K, reserved 516096K
}

